Sat Mar 04 2017 22:12:19 GMT+0000 (GMT): GET /About
Sat Mar 04 2017 22:57:15 GMT+0000 (GMT): GET /About
Sat Mar 04 2017 22:57:16 GMT+0000 (GMT): GET /
Sat Mar 04 2017 22:57:17 GMT+0000 (GMT): GET /About
Sat Mar 04 2017 22:57:18 GMT+0000 (GMT): GET /
Sat Mar 04 2017 22:57:19 GMT+0000 (GMT): GET /About
Sat Mar 04 2017 22:57:19 GMT+0000 (GMT): GET /
Sat Mar 04 2017 22:57:22 GMT+0000 (GMT): GET /About
Sat Mar 04 2017 22:57:22 GMT+0000 (GMT): GET /
Sat Mar 04 2017 22:57:23 GMT+0000 (GMT): GET /About
Sat Mar 04 2017 22:57:24 GMT+0000 (GMT): GET /
Sat Mar 04 2017 22:57:25 GMT+0000 (GMT): GET /About
Sat Mar 04 2017 22:57:33 GMT+0000 (GMT): GET /
Sat Mar 04 2017 22:57:34 GMT+0000 (GMT): GET /About
Sat Mar 04 2017 23:49:41 GMT+0000 (GMT): GET /About
Sat Mar 04 2017 23:49:43 GMT+0000 (GMT): GET /
Sat Mar 04 2017 23:49:43 GMT+0000 (GMT): GET /About
Sat Mar 04 2017 23:49:45 GMT+0000 (GMT): GET /
Sat Mar 04 2017 23:49:46 GMT+0000 (GMT): GET /About
Sat Mar 04 2017 23:49:47 GMT+0000 (GMT): GET /
Sat Mar 04 2017 23:49:48 GMT+0000 (GMT): GET /
Sat Mar 04 2017 23:49:49 GMT+0000 (GMT): GET /About
Sat Mar 04 2017 23:50:57 GMT+0000 (GMT): GET /About
Sat Mar 04 2017 23:51:21 GMT+0000 (GMT): GET /About
Sat Mar 04 2017 23:51:25 GMT+0000 (GMT): GET /help
Sat Mar 04 2017 23:52:42 GMT+0000 (GMT): GET /help
Sat Mar 04 2017 23:52:44 GMT+0000 (GMT): GET /help
Sat Mar 04 2017 23:52:49 GMT+0000 (GMT): GET /help
Sun Mar 05 2017 00:06:02 GMT+0000 (GMT): GET /help
Sun Mar 05 2017 00:06:05 GMT+0000 (GMT): GET /
Sun Mar 05 2017 00:06:08 GMT+0000 (GMT): GET /About
Sun Mar 05 2017 00:06:08 GMT+0000 (GMT): GET /
Sun Mar 05 2017 00:06:13 GMT+0000 (GMT): GET /help
